<?xml version="1.0" encoding="UTF-8"?>
<!-- Generated by org.testng.reporters.JUnitReportReporter -->
<testsuite hostname="SanBhu" name="testCases.Login" tests="2" failures="0" timestamp="9 Jul 2018 17:53:40 GMT" time="21.061" errors="0">
  <testcase name="Login_TC01" time="10.550" classname="testCases.Login"/>
  <testcase name="FlightFinder" time="10.511" classname="testCases.Login"/>
</testsuite> <!-- testCases.Login -->
